The system is: Windows - 10.0.22621 - AMD64
Compiling the C compiler identification source file "CMakeCCompilerId.c" succeeded.
Compiler: C:/Program Files/Microsoft Visual Studio/2022/Community/VC/Tools/MSVC/14.36.32532/bin/Hostx64/x64/cl.exe 
Build flags: 
Id flags:  

The output was:
0
Microsoft (R) C/C++ Optimizing Compiler Version 19.36.32532 for x64
Copyright (C) Microsoft Corporation.  All rights reserved.

CMakeCCompilerId.c
Microsoft (R) Incremental Linker Version 14.36.32532.0
Copyright (C) Microsoft Corporation.  All rights reserved.

/out:CMakeCCompilerId.exe 
CMakeCCompilerId.obj 


Compilation of the C compiler identification source "CMakeCCompilerId.c" produced "CMakeCCompilerId.exe"

Compilation of the C compiler identification source "CMakeCCompilerId.c" produced "CMakeCCompilerId.obj"

The C compiler identification is MSVC, found in "C:/Pico/FreeRTOS-Project/build/elf2uf2/CMakeFiles/3.25.1/CompilerIdC/CMakeCCompilerId.exe"

Compiling the CXX compiler identification source file "CMakeCXXCompilerId.cpp" succeeded.
Compiler: C:/Program Files/Microsoft Visual Studio/2022/Community/VC/Tools/MSVC/14.36.32532/bin/Hostx64/x64/cl.exe 
Build flags: 
Id flags:  

The output was:
0
Microsoft (R) C/C++ Optimizing Compiler Version 19.36.32532 for x64
Copyright (C) Microsoft Corporation.  All rights reserved.

CMakeCXXCompilerId.cpp
Microsoft (R) Incremental Linker Version 14.36.32532.0
Copyright (C) Microsoft Corporation.  All rights reserved.

/out:CMakeCXXCompilerId.exe 
CMakeCXXCompilerId.obj 


Compilation of the CXX compiler identification source "CMakeCXXCompilerId.cpp" produced "CMakeCXXCompilerId.exe"

Compilation of the CXX compiler identification source "CMakeCXXCompilerId.cpp" produced "CMakeCXXCompilerId.obj"

The CXX compiler identification is MSVC, found in "C:/Pico/FreeRTOS-Project/build/elf2uf2/CMakeFiles/3.25.1/CompilerIdCXX/CMakeCXXCompilerId.exe"

Detecting C compiler ABI info compiled with the following output:
Change Dir: C:/Pico/FreeRTOS-Project/build/elf2uf2/CMakeFiles/CMakeScratch/TryCompile-oris18

Run Build Command(s):nmake -f Makefile /nologo cmTC_dfa6a\fast && 	"C:\Program Files\Microsoft Visual Studio\2022\Community\VC\Tools\MSVC\14.36.32532\bin\HostX64\x64\nmake.exe"  -f CMakeFiles\cmTC_dfa6a.dir\build.make /nologo -L                  CMakeFiles\cmTC_dfa6a.dir\build
Building C object CMakeFiles/cmTC_dfa6a.dir/CMakeCCompilerABI.c.obj
	"C:\Program Files\CMake\bin\cmake.exe" -E cmake_cl_compile_depends --dep-file=CMakeFiles\cmTC_dfa6a.dir\CMakeCCompilerABI.c.obj.d --working-dir=C:\Pico\FreeRTOS-Project\build\elf2uf2\CMakeFiles\CMakeScratch\TryCompile-oris18 --filter-prefix="Note: including file: " -- C:\PROGRA~1\MICROS~4\2022\COMMUN~1\VC\Tools\MSVC\1436~1.325\bin\Hostx64\x64\cl.exe @C:\Users\AKHILA~1\AppData\Local\Temp\nm5AB2.tmp
CMakeCCompilerABI.c
Linking C executable cmTC_dfa6a.exe
	"C:\Program Files\CMake\bin\cmake.exe" -E vs_link_exe --intdir=CMakeFiles\cmTC_dfa6a.dir --rc=C:\PROGRA~2\WI3CF2~1\10\bin\100226~1.0\x64\rc.exe --mt=C:\PROGRA~2\WI3CF2~1\10\bin\100226~1.0\x64\mt.exe --manifests -- C:\PROGRA~1\MICROS~4\2022\COMMUN~1\VC\Tools\MSVC\1436~1.325\bin\Hostx64\x64\link.exe /nologo @CMakeFiles\cmTC_dfa6a.dir\objects1 @C:\Users\AKHILA~1\AppData\Local\Temp\nm5B20.tmp



Detecting CXX compiler ABI info compiled with the following output:
Change Dir: C:/Pico/FreeRTOS-Project/build/elf2uf2/CMakeFiles/CMakeScratch/TryCompile-s4ibn6

Run Build Command(s):nmake -f Makefile /nologo cmTC_8292c\fast && 	"C:\Program Files\Microsoft Visual Studio\2022\Community\VC\Tools\MSVC\14.36.32532\bin\HostX64\x64\nmake.exe"  -f CMakeFiles\cmTC_8292c.dir\build.make /nologo -L                  CMakeFiles\cmTC_8292c.dir\build
Building CXX object CMakeFiles/cmTC_8292c.dir/CMakeCXXCompilerABI.cpp.obj
	"C:\Program Files\CMake\bin\cmake.exe" -E cmake_cl_compile_depends --dep-file=CMakeFiles\cmTC_8292c.dir\CMakeCXXCompilerABI.cpp.obj.d --working-dir=C:\Pico\FreeRTOS-Project\build\elf2uf2\CMakeFiles\CMakeScratch\TryCompile-s4ibn6 --filter-prefix="Note: including file: " -- C:\PROGRA~1\MICROS~4\2022\COMMUN~1\VC\Tools\MSVC\1436~1.325\bin\Hostx64\x64\cl.exe @C:\Users\AKHILA~1\AppData\Local\Temp\nm5CE5.tmp
CMakeCXXCompilerABI.cpp
Linking CXX executable cmTC_8292c.exe
	"C:\Program Files\CMake\bin\cmake.exe" -E vs_link_exe --intdir=CMakeFiles\cmTC_8292c.dir --rc=C:\PROGRA~2\WI3CF2~1\10\bin\100226~1.0\x64\rc.exe --mt=C:\PROGRA~2\WI3CF2~1\10\bin\100226~1.0\x64\mt.exe --manifests -- C:\PROGRA~1\MICROS~4\2022\COMMUN~1\VC\Tools\MSVC\1436~1.325\bin\Hostx64\x64\link.exe /nologo @CMakeFiles\cmTC_8292c.dir\objects1 @C:\Users\AKHILA~1\AppData\Local\Temp\nm5D43.tmp



